<?xml version="1.0" encoding="UTF-8"?>
<!-- Generated by org.testng.reporters.JUnitXMLReporter -->
<testsuite hostname="NDI-LAP-563" name="Default test" tests="2" failures="0" timestamp="27 Mar 2020 14:36:39 GMT" time="19.424" errors="0">
  <testcase name="@BeforeMethod setup" time="0.0" classname="com.qa.crm.testcases.LoginPageTest">
    <failure type="org.openqa.selenium.SessionNotCreatedException" message="session not created
from chrome not reachable
  (Session info: chrome=80.0.3987.149)
Build info: version: &amp;apos;3.14.0&amp;apos;, revision: &amp;apos;aacccce0&amp;apos;, time: &amp;apos;2018-08-02T20:19:58.91Z&amp;apos;
System info: host: &amp;apos;NDI-LAP-563&amp;apos;, ip: &amp;apos;192.168.43.214&amp;apos;, os.name: &amp;apos;Windows 10&amp;apos;, os.arch: &amp;apos;amd64&amp;apos;, os.version: &amp;apos;10.0&amp;apos;, java.version: &amp;apos;1.8.0_241&amp;apos;
Driver info: driver.version: ChromeDriver
remote stacktrace: Backtrace:
	Ordinal0 [0x00A80AE3+1706723]
	Ordinal0 [0x009E68C1+1075393]
	Ordinal0 [0x0095DE52+515666]
	Ordinal0 [0x00957C88+490632]
	Ordinal0 [0x0095837B+492411]
	Ordinal0 [0x009592D5+496341]
	Ordinal0 [0x00954EE5+478949]
	Ordinal0 [0x0095EC80+519296]
	Ordinal0 [0x0090CA67+182887]
	Ordinal0 [0x0090BDDD+179677]
	Ordinal0 [0x00909D4B+171339]
	Ordinal0 [0x008F1D4A+73034]
	Ordinal0 [0x008F2DC0+77248]
	Ordinal0 [0x008F2D59+77145]
	Ordinal0 [0x009FBB37+1162039]
	GetHandleVerifier [0x00B1A7C6+508998]
	GetHandleVerifier [0x00B1A504+508292]
	GetHandleVerifier [0x00B2F617+594583]
	GetHandleVerifier [0x00B1B036+511158]
	Ordinal0 [0x009F3FFC+1130492]
	Ordinal0 [0x009FD49B+1168539]
	Ordinal0 [0x009FD603+1168899]
	Ordinal0 [0x00A15B05+1268485]
	BaseThreadInitThunk [0x77326359+25]
	RtlGetAppContainerNamedObjectPath [0x77697B74+228]
	RtlGetAppContainerNamedObjectPath [0x77697B44+180]
">
      <![CDATA[org.openqa.selenium.SessionNotCreatedException: session not created
from chrome not reachable
  (Session info: chrome=80.0.3987.149)
Build info: version: '3.14.0', revision: 'aacccce0', time: '2018-08-02T20:19:58.91Z'
System info: host: 'NDI-LAP-563', ip: '192.168.43.214', os.name: 'Windows 10', os.arch: 'amd64', os.version: '10.0', java.version: '1.8.0_241'
Driver info: driver.version: ChromeDriver
remote stacktrace: Backtrace:
	Ordinal0 [0x00A80AE3+1706723]
	Ordinal0 [0x009E68C1+1075393]
	Ordinal0 [0x0095DE52+515666]
	Ordinal0 [0x00957C88+490632]
	Ordinal0 [0x0095837B+492411]
	Ordinal0 [0x009592D5+496341]
	Ordinal0 [0x00954EE5+478949]
	Ordinal0 [0x0095EC80+519296]
	Ordinal0 [0x0090CA67+182887]
	Ordinal0 [0x0090BDDD+179677]
	Ordinal0 [0x00909D4B+171339]
	Ordinal0 [0x008F1D4A+73034]
	Ordinal0 [0x008F2DC0+77248]
	Ordinal0 [0x008F2D59+77145]
	Ordinal0 [0x009FBB37+1162039]
	GetHandleVerifier [0x00B1A7C6+508998]
	GetHandleVerifier [0x00B1A504+508292]
	GetHandleVerifier [0x00B2F617+594583]
	GetHandleVerifier [0x00B1B036+511158]
	Ordinal0 [0x009F3FFC+1130492]
	Ordinal0 [0x009FD49B+1168539]
	Ordinal0 [0x009FD603+1168899]
	Ordinal0 [0x00A15B05+1268485]
	BaseThreadInitThunk [0x77326359+25]
	RtlGetAppContainerNamedObjectPath [0x77697B74+228]
	RtlGetAppContainerNamedObjectPath [0x77697B44+180]

	at sun.reflect.NativeConstructorAccessorImpl.newInstance0(Native Method)
	at sun.reflect.NativeConstructorAccessorImpl.newInstance(Unknown Source)
	at sun.reflect.DelegatingConstructorAccessorImpl.newInstance(Unknown Source)
	at java.lang.reflect.Constructor.newInstance(Unknown Source)
	at org.openqa.selenium.remote.W3CHandshakeResponse.lambda$new$0(W3CHandshakeResponse.java:57)
	at org.openqa.selenium.remote.W3CHandshakeResponse.lambda$getResponseFunction$2(W3CHandshakeResponse.java:104)
	at org.openqa.selenium.remote.ProtocolHandshake.lambda$createSession$0(ProtocolHandshake.java:122)
	at java.util.stream.ReferencePipeline$3$1.accept(Unknown Source)
	at java.util.Spliterators$ArraySpliterator.tryAdvance(Unknown Source)
	at java.util.stream.ReferencePipeline.forEachWithCancel(Unknown Source)
	at java.util.stream.AbstractPipeline.copyIntoWithCancel(Unknown Source)
	at java.util.stream.AbstractPipeline.copyInto(Unknown Source)
	at java.util.stream.AbstractPipeline.wrapAndCopyInto(Unknown Source)
	at java.util.stream.FindOps$FindOp.evaluateSequential(Unknown Source)
	at java.util.stream.AbstractPipeline.evaluate(Unknown Source)
	at java.util.stream.ReferencePipeline.findFirst(Unknown Source)
	at org.openqa.selenium.remote.ProtocolHandshake.createSession(ProtocolHandshake.java:125)
	at org.openqa.selenium.remote.ProtocolHandshake.createSession(ProtocolHandshake.java:73)
	at org.openqa.selenium.remote.HttpCommandExecutor.execute(HttpCommandExecutor.java:136)
	at org.openqa.selenium.remote.service.DriverCommandExecutor.execute(DriverCommandExecutor.java:83)
	at org.openqa.selenium.remote.RemoteWebDriver.execute(RemoteWebDriver.java:548)
	at org.openqa.selenium.remote.RemoteWebDriver.startSession(RemoteWebDriver.java:212)
	at org.openqa.selenium.remote.RemoteWebDriver.<init>(RemoteWebDriver.java:130)
	at org.openqa.selenium.chrome.ChromeDriver.<init>(ChromeDriver.java:181)
	at org.openqa.selenium.chrome.ChromeDriver.<init>(ChromeDriver.java:168)
	at org.openqa.selenium.chrome.ChromeDriver.<init>(ChromeDriver.java:123)
	at com.qa.crm.base.TestBase.initialzation(TestBase.java:43)
	at com.qa.crm.testcases.LoginPageTest.setup(LoginPageTest.java:22)
	at sun.reflect.NativeMethodAccessorImpl.invoke0(Native Method)
	at sun.reflect.NativeMethodAccessorImpl.invoke(Unknown Source)
	at sun.reflect.DelegatingMethodAccessorImpl.invoke(Unknown Source)
	at java.lang.reflect.Method.invoke(Unknown Source)
	at org.testng.internal.MethodInvocationHelper.invokeMethod(MethodInvocationHelper.java:100)
	at org.testng.internal.Invoker.invokeConfigurationMethod(Invoker.java:515)
	at org.testng.internal.Invoker.invokeConfigurations(Invoker.java:216)
	at org.testng.internal.Invoker.invokeMethod(Invoker.java:590)
	at org.testng.internal.Invoker.invokeTestMethod(Invoker.java:811)
	at org.testng.internal.Invoker.invokeTestMethods(Invoker.java:1137)
	at org.testng.internal.TestMethodWorker.invokeTestMethods(TestMethodWorker.java:129)
	at org.testng.internal.TestMethodWorker.run(TestMethodWorker.java:112)
	at org.testng.TestRunner.privateRun(TestRunner.java:753)
	at org.testng.TestRunner.run(TestRunner.java:607)
	at org.testng.SuiteRunner.runTest(SuiteRunner.java:368)
	at org.testng.SuiteRunner.runSequentially(SuiteRunner.java:363)
	at org.testng.SuiteRunner.privateRun(SuiteRunner.java:321)
	at org.testng.SuiteRunner.run(SuiteRunner.java:270)
	at org.testng.SuiteRunnerWorker.runSuite(SuiteRunnerWorker.java:52)
	at org.testng.SuiteRunnerWorker.run(SuiteRunnerWorker.java:86)
	at org.testng.TestNG.runSuitesSequentially(TestNG.java:1284)
	at org.testng.TestNG.runSuitesLocally(TestNG.java:1209)
	at org.testng.TestNG.runSuites(TestNG.java:1124)
	at org.testng.TestNG.run(TestNG.java:1096)
	at org.testng.remote.AbstractRemoteTestNG.run(AbstractRemoteTestNG.java:132)
	at org.testng.remote.RemoteTestNG.initAndRun(RemoteTestNG.java:236)
	at org.testng.remote.RemoteTestNG.main(RemoteTestNG.java:81)
]]>
    </failure>
  </testcase> <!-- @BeforeMethod setup -->
  <testcase name="@AfterMethod teardown" time="0.0" classname="com.qa.crm.testcases.LoginPageTest">
    <skipped/>
  </testcase> <!-- @AfterMethod teardown -->
  <testcase name="@BeforeMethod setup" time="0.0" classname="com.qa.crm.testcases.LoginPageTest">
    <skipped/>
  </testcase> <!-- @BeforeMethod setup -->
  <testcase name="@AfterMethod teardown" time="0.0" classname="com.qa.crm.testcases.LoginPageTest">
    <skipped/>
  </testcase> <!-- @AfterMethod teardown -->
  <testcase name="logintitletest" time="0.001" classname="com.qa.crm.testcases.LoginPageTest">
    <skipped/>
  </testcase> <!-- logintitletest -->
  <testcase name="logintest" time="0.001" classname="com.qa.crm.testcases.LoginPageTest">
    <skipped/>
  </testcase> <!-- logintest -->
</testsuite> <!-- Default test -->
